2021-07-02T11:51:29.636Z	INFO	concurrency-tester/main.go:54	starting record creation	{"amountPerGoRoutine": 15, "goRoutines": 2}
2021-07-02T11:51:29.636Z	INFO	concurrency-tester/main.go:54	starting record creation	{"amountPerGoRoutine": 15, "goRoutines": 2}
2021-07-02T11:51:30.311Z	ERROR	concurrency-tester/main.go:88	failed to create record	{"goRoutineID": 1, "record": "test-202488830.testzone.appdomain.cloud", "error": "Modification Confict: [Concurrent Zone Modification Error for testzone.appdomain.cloud. Please try your request again.]"}
main.createRecords
	/concurrency-tester/main.go:88
2021-07-02T11:51:30.918Z	ERROR	concurrency-tester/main.go:88	failed to create record	{"goRoutineID": 0, "record": "test-943841463.testzone.appdomain.cloud", "error": "Modification Confict: [Concurrent Zone Modification Error for testzone.appdomain.cloud. Please try your request again.]"}
2021-07-02T11:51:30.311Z	ERROR	concurrency-tester/main.go:88	failed to create record	{"goRoutineID": 1, "record": "test-202488830.testzone.appdomain.cloud", "error": "Modification Confict: [Concurrent Zone Modification Error for testzone.appdomain.cloud. Please try your request again.]"}
main.createRecords
	/concurrency-tester/main.go:88
2021-07-02T11:51:30.918Z	ERROR	concurrency-tester/main.go:88	failed to create record	{"goRoutineID": 0, "record": "test-943841463.testzone.appdomain.cloud", "error": "Modification Confict: [Concurrent Zone Modification Error for testzone.appdomain.cloud. Please try your request again.]"}
main.createRecords
	/concurrency-tester/main.go:88
2021-07-02T11:51:32.027Z	ERROR	concurrency-tester/main.go:88	failed to create record	{"goRoutineID": 1, "record": "test-202488830.testzone.appdomain.cloud", "error": "Modification Confict: [Concurrent Zone Modification Error for testzone.appdomain.cloud. Please try your request again.]"}
main.createRecords
	/concurrency-tester/main.go:88
2021-07-02T11:51:32.027Z	ERROR	concurrency-tester/main.go:88	failed to create record	{"goRoutineID": 1, "record": "test-202488830.testzone.appdomain.cloud", "error": "Modification Confict: [Concurrent Zone Modification Error for testzone.appdomain.cloud. Please try your request again.]"}
main.createRecords
	/concurrency-tester/main.go:88
2021-07-02T11:51:32.704Z	ERROR	concurrency-tester/main.go:88	failed to create record	{"goRoutineID": 0, "record": "test-943841463.testzone.appdomain.cloud", "error": "Modification Confict: [Concurrent Zone Modification Error for testzone.appdomain.cloud. Please try your request again.]"}
main.createRecords
	/concurrency-tester/main.go:88
2021-07-02T11:51:33.662Z	ERROR	concurrency-tester/main.go:88	failed to create record	{"goRoutineID": 1, "record": "test-202488830.testzone.appdomain.cloud", "error": "Modification Confict: [Concurrent Zone Modification Error for testzone.appdomain.cloud. Please try your request again.]"}
main.createRecords
	/concurrency-tester/main.go:88
2021-07-02T11:51:34.342Z	ERROR	concurrency-tester/main.go:88	failed to create record	{"goRoutineID": 0, "record": "test-943841463.testzone.appdomain.cloud", "error": "Modification Confict: [Concurrent Zone Modification Error for testzone.appdomain.cloud. Please try your request again.]"}
main.createRecords
	/concurrency-tester/main.go:88
2021-07-02T11:51:35.317Z	INFO	concurrency-tester/main.go:85	record successfully created	{"goRoutineID": 1, "record": "test-202488830.testzone.appdomain.cloud"}
2021-07-02T11:51:35.756Z	ERROR	concurrency-tester/main.go:88	failed to create record	{"goRoutineID": 1, "record": "test-315783778.testzone.appdomain.cloud", "error": "Modification Confict: [Concurrent Zone Modification Error for testzone.appdomain.cloud. Please try your request again.]"}
main.createRecords
main.createRecords
	/concurrency-tester/main.go:88
2021-07-02T11:51:32.704Z	ERROR	concurrency-tester/main.go:88	failed to create record	{"goRoutineID": 0, "record": "test-943841463.testzone.appdomain.cloud", "error": "Modification Confict: [Concurrent Zone Modification Error for testzone.appdomain.cloud. Please try your request again.]"}
main.createRecords
	/concurrency-tester/main.go:88
2021-07-02T11:51:33.662Z	ERROR	concurrency-tester/main.go:88	failed to create record	{"goRoutineID": 1, "record": "test-202488830.testzone.appdomain.cloud", "error": "Modification Confict: [Concurrent Zone Modification Error for testzone.appdomain.cloud. Please try your request again.]"}
main.createRecords
	/concurrency-tester/main.go:88
2021-07-02T11:51:34.342Z	ERROR	concurrency-tester/main.go:88	failed to create record	{"goRoutineID": 0, "record": "test-943841463.testzone.appdomain.cloud", "error": "Modification Confict: [Concurrent Zone Modification Error for testzone.appdomain.cloud. Please try your request again.]"}
main.createRecords
	/concurrency-tester/main.go:88
2021-07-02T11:51:35.317Z	INFO	concurrency-tester/main.go:85	record successfully created	{"goRoutineID": 1, "record": "test-202488830.testzone.appdomain.cloud"}
2021-07-02T11:51:35.756Z	ERROR	concurrency-tester/main.go:88	failed to create record	{"goRoutineID": 1, "record": "test-315783778.testzone.appdomain.cloud", "error": "Modification Confict: [Concurrent Zone Modification Error for testzone.appdomain.cloud. Please try your request again.]"}
main.createRecords
	/concurrency-tester/main.go:88
2021-07-02T11:51:36.374Z	INFO	concurrency-tester/main.go:85	record successfully created	{"goRoutineID": 0, "record": "test-943841463.testzone.appdomain.cloud"}
2021-07-02T11:51:36.914Z	INFO	concurrency-tester/main.go:85	record successfully created	{"goRoutineID": 0, "record": "test-630719044.testzone.appdomain.cloud"}
2021-07-02T11:51:37.505Z	ERROR	concurrency-tester/main.go:88	failed to create record	{"goRoutineID": 0, "record": "test-342939195.testzone.appdomain.cloud", "error": "Modification Confict: [Concurrent Zone Modification Error for testzone.appdomain.cloud. Please try your request again.]"}
	/concurrency-tester/main.go:88
2021-07-02T11:51:36.374Z	INFO	concurrency-tester/main.go:85	record successfully created	{"goRoutineID": 0, "record": "test-943841463.testzone.appdomain.cloud"}
2021-07-02T11:51:36.914Z	INFO	concurrency-tester/main.go:85	record successfully created	{"goRoutineID": 0, "record": "test-630719044.testzone.appdomain.cloud"}
2021-07-02T11:51:37.505Z	ERROR	concurrency-tester/main.go:88	failed to create record	{"goRoutineID": 0, "record": "test-342939195.testzone.appdomain.cloud", "error": "Modification Confict: [Concurrent Zone Modification Error for testzone.appdomain.cloud. Please try your request again.]"}
main.createRecords
	/concurrency-tester/main.go:88
2021-07-02T11:51:38.198Z	ERROR	concurrency-tester/main.go:88	failed to create record	{"goRoutineID": 1, "record": "test-315783778.testzone.appdomain.cloud", "error": "Modification Confict: [Concurrent Zone Modification Error for testzone.appdomain.cloud. Please try your request again.]"}
main.createRecords
	/concurrency-tester/main.go:88
2021-07-02T11:51:38.198Z	ERROR	concurrency-tester/main.go:88	failed to create record	{"goRoutineID": 1, "record": "test-315783778.testzone.appdomain.cloud", "error": "Modification Confict: [Concurrent Zone Modification Error for testzone.appdomain.cloud. Please try your request again.]"}
main.createRecords
	/concurrency-tester/main.go:88
2021-07-02T11:51:39.518Z	ERROR	concurrency-tester/main.go:88	failed to create record	{"goRoutineID": 0, "record": "test-342939195.testzone.appdomain.cloud", "error": "Modification Confict: [Concurrent Zone Modification Error for testzone.appdomain.cloud. Please try your request again.]"}
main.createRecords
	/concurrency-tester/main.go:88
2021-07-02T11:51:39.518Z	ERROR	concurrency-tester/main.go:88	failed to create record	{"goRoutineID": 0, "record": "test-342939195.testzone.appdomain.cloud", "error": "Modification Confict: [Concurrent Zone Modification Error for testzone.appdomain.cloud. Please try your request again.]"}
main.createRecords
	/concurrency-tester/main.go:88
main.createRecords
	/concurrency-tester/main.go:88
2021-07-02T11:51:40.196Z	INFO	concurrency-tester/main.go:85	record successfully created	{"goRoutineID": 1, "record": "test-315783778.testzone.appdomain.cloud"}
2021-07-02T11:51:40.891Z	INFO	concurrency-tester/main.go:85	record successfully created	{"goRoutineID": 1, "record": "test-893656653.testzone.appdomain.cloud"}
2021-07-02T11:51:41.416Z	ERROR	concurrency-tester/main.go:88	failed to create record	{"goRoutineID": 1, "record": "test-880640005.testzone.appdomain.cloud", "error": "Modification Confict: [Concurrent Zone Modification Error for testzone.appdomain.cloud. Please try your request again.]"}
2021-07-02T11:51:40.196Z	INFO	concurrency-tester/main.go:85	record successfully created	{"goRoutineID": 1, "record": "test-315783778.testzone.appdomain.cloud"}
2021-07-02T11:51:40.891Z	INFO	concurrency-tester/main.go:85	record successfully created	{"goRoutineID": 1, "record": "test-893656653.testzone.appdomain.cloud"}
2021-07-02T11:51:41.416Z	ERROR	concurrency-tester/main.go:88	failed to create record	{"goRoutineID": 1, "record": "test-880640005.testzone.appdomain.cloud", "error": "Modification Confict: [Concurrent Zone Modification Error for testzone.appdomain.cloud. Please try your request again.]"}
main.createRecords
	/concurrency-tester/main.go:88
2021-07-02T11:51:42.108Z	INFO	concurrency-tester/main.go:85	record successfully created	{"goRoutineID": 0, "record": "test-342939195.testzone.appdomain.cloud"}
2021-07-02T11:51:42.668Z	ERROR	concurrency-tester/main.go:88	failed to create record	{"goRoutineID": 0, "record": "test-679158142.testzone.appdomain.cloud", "error": "Modification Confict: [Concurrent Zone Modification Error for testzone.appdomain.cloud. Please try your request again.]"}
main.createRecords
	/concurrency-tester/main.go:88
2021-07-02T11:51:42.108Z	INFO	concurrency-tester/main.go:85	record successfully created	{"goRoutineID": 0, "record": "test-342939195.testzone.appdomain.cloud"}
2021-07-02T11:51:42.668Z	ERROR	concurrency-tester/main.go:88	failed to create record	{"goRoutineID": 0, "record": "test-679158142.testzone.appdomain.cloud", "error": "Modification Confict: [Concurrent Zone Modification Error for testzone.appdomain.cloud. Please try your request again.]"}
main.createRecords
	/concurrency-tester/main.go:88
2021-07-02T11:51:43.348Z	INFO	concurrency-tester/main.go:85	record successfully created	{"goRoutineID": 1, "record": "test-880640005.testzone.appdomain.cloud"}
main.createRecords
	/concurrency-tester/main.go:88
2021-07-02T11:51:43.348Z	INFO	concurrency-tester/main.go:85	record successfully created	{"goRoutineID": 1, "record": "test-880640005.testzone.appdomain.cloud"}
2021-07-02T11:51:43.836Z	ERROR	concurrency-tester/main.go:88	failed to create record	{"goRoutineID": 1, "record": "test-318875792.testzone.appdomain.cloud", "error": "Modification Confict: [Concurrent Zone Modification Error for testzone.appdomain.cloud. Please try your request again.]"}
main.createRecords
2021-07-02T11:51:43.836Z	ERROR	concurrency-tester/main.go:88	failed to create record	{"goRoutineID": 1, "record": "test-318875792.testzone.appdomain.cloud", "error": "Modification Confict: [Concurrent Zone Modification Error for testzone.appdomain.cloud. Please try your request again.]"}
main.createRecords
	/concurrency-tester/main.go:88
2021-07-02T11:51:44.535Z	INFO	concurrency-tester/main.go:85	record successfully created	{"goRoutineID": 0, "record": "test-679158142.testzone.appdomain.cloud"}
2021-07-02T11:51:45.006Z	ERROR	concurrency-tester/main.go:88	failed to create record	{"goRoutineID": 0, "record": "test-768049670.testzone.appdomain.cloud", "error": "Modification Confict: [Concurrent Zone Modification Error for testzone.appdomain.cloud. Please try your request again.]"}
	/concurrency-tester/main.go:88
2021-07-02T11:51:44.535Z	INFO	concurrency-tester/main.go:85	record successfully created	{"goRoutineID": 0, "record": "test-679158142.testzone.appdomain.cloud"}
2021-07-02T11:51:45.006Z	ERROR	concurrency-tester/main.go:88	failed to create record	{"goRoutineID": 0, "record": "test-768049670.testzone.appdomain.cloud", "error": "Modification Confict: [Concurrent Zone Modification Error for testzone.appdomain.cloud. Please try your request again.]"}
main.createRecords
	/concurrency-tester/main.go:88
main.createRecords
	/concurrency-tester/main.go:88
2021-07-02T11:51:45.643Z	INFO	concurrency-tester/main.go:85	record successfully created	{"goRoutineID": 1, "record": "test-318875792.testzone.appdomain.cloud"}
2021-07-02T11:51:46.114Z	ERROR	concurrency-tester/main.go:88	failed to create record	{"goRoutineID": 1, "record": "test-278468641.testzone.appdomain.cloud", "error": "Modification Confict: [Concurrent Zone Modification Error for testzone.appdomain.cloud. Please try your request again.]"}
main.createRecords
	/concurrency-tester/main.go:88
2021-07-02T11:51:45.643Z	INFO	concurrency-tester/main.go:85	record successfully created	{"goRoutineID": 1, "record": "test-318875792.testzone.appdomain.cloud"}
2021-07-02T11:51:46.114Z	ERROR	concurrency-tester/main.go:88	failed to create record	{"goRoutineID": 1, "record": "test-278468641.testzone.appdomain.cloud", "error": "Modification Confict: [Concurrent Zone Modification Error for testzone.appdomain.cloud. Please try your request again.]"}
main.createRecords
	/concurrency-tester/main.go:88
2021-07-02T11:51:46.816Z	INFO	concurrency-tester/main.go:85	record successfully created	{"goRoutineID": 0, "record": "test-768049670.testzone.appdomain.cloud"}
2021-07-02T11:51:47.307Z	ERROR	concurrency-tester/main.go:88	failed to create record	{"goRoutineID": 0, "record": "test-224430924.testzone.appdomain.cloud", "error": "Modification Confict: [Concurrent Zone Modification Error for testzone.appdomain.cloud. Please try your request again.]"}
main.createRecords
2021-07-02T11:51:46.816Z	INFO	concurrency-tester/main.go:85	record successfully created	{"goRoutineID": 0, "record": "test-768049670.testzone.appdomain.cloud"}
2021-07-02T11:51:47.307Z	ERROR	concurrency-tester/main.go:88	failed to create record	{"goRoutineID": 0, "record": "test-224430924.testzone.appdomain.cloud", "error": "Modification Confict: [Concurrent Zone Modification Error for testzone.appdomain.cloud. Please try your request again.]"}
main.createRecords
	/concurrency-tester/main.go:88
	/concurrency-tester/main.go:88
2021-07-02T11:51:47.998Z	INFO	concurrency-tester/main.go:85	record successfully created	{"goRoutineID": 1, "record": "test-278468641.testzone.appdomain.cloud"}
2021-07-02T11:51:48.552Z	INFO	concurrency-tester/main.go:85	record successfully created	{"goRoutineID": 1, "record": "test-580394399.testzone.appdomain.cloud"}
2021-07-02T11:51:49.047Z	ERROR	concurrency-tester/main.go:88	failed to create record	{"goRoutineID": 1, "record": "test-448292659.testzone.appdomain.cloud", "error": "Modification Confict: [Concurrent Zone Modification Error for testzone.appdomain.cloud. Please try your request again.]"}
main.createRecords
	/concurrency-tester/main.go:88
2021-07-02T11:51:49.689Z	INFO	concurrency-tester/main.go:85	record successfully created	{"goRoutineID": 0, "record": "test-224430924.testzone.appdomain.cloud"}
2021-07-02T11:51:50.199Z	ERROR	concurrency-tester/main.go:88	failed to create record	{"goRoutineID": 0, "record": "test-133492623.testzone.appdomain.cloud", "error": "Modification Confict: [Concurrent Zone Modification Error for testzone.appdomain.cloud. Please try your request again.]"}
2021-07-02T11:51:47.998Z	INFO	concurrency-tester/main.go:85	record successfully created	{"goRoutineID": 1, "record": "test-278468641.testzone.appdomain.cloud"}
2021-07-02T11:51:48.552Z	INFO	concurrency-tester/main.go:85	record successfully created	{"goRoutineID": 1, "record": "test-580394399.testzone.appdomain.cloud"}
2021-07-02T11:51:49.047Z	ERROR	concurrency-tester/main.go:88	failed to create record	{"goRoutineID": 1, "record": "test-448292659.testzone.appdomain.cloud", "error": "Modification Confict: [Concurrent Zone Modification Error for testzone.appdomain.cloud. Please try your request again.]"}
main.createRecords
	/concurrency-tester/main.go:88
2021-07-02T11:51:49.689Z	INFO	concurrency-tester/main.go:85	record successfully created	{"goRoutineID": 0, "record": "test-224430924.testzone.appdomain.cloud"}
2021-07-02T11:51:50.199Z	ERROR	concurrency-tester/main.go:88	failed to create record	{"goRoutineID": 0, "record": "test-133492623.testzone.appdomain.cloud", "error": "Modification Confict: [Concurrent Zone Modification Error for testzone.appdomain.cloud. Please try your request again.]"}
main.createRecords
	/concurrency-tester/main.go:88
2021-07-02T11:51:50.874Z	INFO	concurrency-tester/main.go:85	record successfully created	{"goRoutineID": 1, "record": "test-448292659.testzone.appdomain.cloud"}
2021-07-02T11:51:51.417Z	INFO	concurrency-tester/main.go:85	record successfully created	{"goRoutineID": 1, "record": "test-164636678.testzone.appdomain.cloud"}
2021-07-02T11:51:51.928Z	INFO	concurrency-tester/main.go:85	record successfully created	{"goRoutineID": 0, "record": "test-133492623.testzone.appdomain.cloud"}
main.createRecords
	/concurrency-tester/main.go:88
2021-07-02T11:51:50.874Z	INFO	concurrency-tester/main.go:85	record successfully created	{"goRoutineID": 1, "record": "test-448292659.testzone.appdomain.cloud"}
2021-07-02T11:51:51.417Z	INFO	concurrency-tester/main.go:85	record successfully created	{"goRoutineID": 1, "record": "test-164636678.testzone.appdomain.cloud"}
2021-07-02T11:51:51.928Z	INFO	concurrency-tester/main.go:85	record successfully created	{"goRoutineID": 0, "record": "test-133492623.testzone.appdomain.cloud"}
2021-07-02T11:51:52.438Z	INFO	concurrency-tester/main.go:85	record successfully created	{"goRoutineID": 0, "record": "test-710500746.testzone.appdomain.cloud"}
2021-07-02T11:51:52.882Z	ERROR	concurrency-tester/main.go:88	failed to create record	{"goRoutineID": 1, "record": "test-514265392.testzone.appdomain.cloud", "error": "Modification Confict: [Concurrent Zone Modification Error for testzone.appdomain.cloud. Please try your request again.]"}
main.createRecords
2021-07-02T11:51:52.438Z	INFO	concurrency-tester/main.go:85	record successfully created	{"goRoutineID": 0, "record": "test-710500746.testzone.appdomain.cloud"}
2021-07-02T11:51:52.882Z	ERROR	concurrency-tester/main.go:88	failed to create record	{"goRoutineID": 1, "record": "test-514265392.testzone.appdomain.cloud", "error": "Modification Confict: [Concurrent Zone Modification Error for testzone.appdomain.cloud. Please try your request again.]"}
main.createRecords
	/concurrency-tester/main.go:88
2021-07-02T11:51:53.571Z	INFO	concurrency-tester/main.go:85	record successfully created	{"goRoutineID": 0, "record": "test-38995771.testzone.appdomain.cloud"}
	/concurrency-tester/main.go:88
2021-07-02T11:51:53.571Z	INFO	concurrency-tester/main.go:85	record successfully created	{"goRoutineID": 0, "record": "test-38995771.testzone.appdomain.cloud"}
2021-07-02T11:51:54.203Z	INFO	concurrency-tester/main.go:85	record successfully created	{"goRoutineID": 0, "record": "test-595709750.testzone.appdomain.cloud"}
2021-07-02T11:51:54.736Z	INFO	concurrency-tester/main.go:85	record successfully created	{"goRoutineID": 1, "record": "test-514265392.testzone.appdomain.cloud"}
2021-07-02T11:51:55.214Z	ERROR	concurrency-tester/main.go:88	failed to create record	{"goRoutineID": 1, "record": "test-362188542.testzone.appdomain.cloud", "error": "Modification Confict: [Concurrent Zone Modification Error for testzone.appdomain.cloud. Please try your request again.]"}
2021-07-02T11:51:54.203Z	INFO	concurrency-tester/main.go:85	record successfully created	{"goRoutineID": 0, "record": "test-595709750.testzone.appdomain.cloud"}
2021-07-02T11:51:54.736Z	INFO	concurrency-tester/main.go:85	record successfully created	{"goRoutineID": 1, "record": "test-514265392.testzone.appdomain.cloud"}
2021-07-02T11:51:55.214Z	ERROR	concurrency-tester/main.go:88	failed to create record	{"goRoutineID": 1, "record": "test-362188542.testzone.appdomain.cloud", "error": "Modification Confict: [Concurrent Zone Modification Error for testzone.appdomain.cloud. Please try your request again.]"}
main.createRecords
	/concurrency-tester/main.go:88
main.createRecords
	/concurrency-tester/main.go:88
2021-07-02T11:51:55.850Z	INFO	concurrency-tester/main.go:85	record successfully created	{"goRoutineID": 0, "record": "test-993858226.testzone.appdomain.cloud"}
2021-07-02T11:51:56.429Z	INFO	concurrency-tester/main.go:85	record successfully created	{"goRoutineID": 0, "record": "test-502450371.testzone.appdomain.cloud"}
2021-07-02T11:51:56.941Z	ERROR	concurrency-tester/main.go:88	failed to create record	{"goRoutineID": 0, "record": "test-456602897.testzone.appdomain.cloud", "error": "Modification Confict: [Concurrent Zone Modification Error for testzone.appdomain.cloud. Please try your request again.]"}
2021-07-02T11:51:55.850Z	INFO	concurrency-tester/main.go:85	record successfully created	{"goRoutineID": 0, "record": "test-993858226.testzone.appdomain.cloud"}
2021-07-02T11:51:56.429Z	INFO	concurrency-tester/main.go:85	record successfully created	{"goRoutineID": 0, "record": "test-502450371.testzone.appdomain.cloud"}
2021-07-02T11:51:56.941Z	ERROR	concurrency-tester/main.go:88	failed to create record	{"goRoutineID": 0, "record": "test-456602897.testzone.appdomain.cloud", "error": "Modification Confict: [Concurrent Zone Modification Error for testzone.appdomain.cloud. Please try your request again.]"}
main.createRecords
	/concurrency-tester/main.go:88
2021-07-02T11:51:57.627Z	INFO	concurrency-tester/main.go:85	record successfully created	{"goRoutineID": 1, "record": "test-362188542.testzone.appdomain.cloud"}
2021-07-02T11:51:58.141Z	ERROR	concurrency-tester/main.go:88	failed to create record	{"goRoutineID": 1, "record": "test-956439646.testzone.appdomain.cloud", "error": "Modification Confict: [Concurrent Zone Modification Error for testzone.appdomain.cloud. Please try your request again.]"}
main.createRecords
	/concurrency-tester/main.go:88
2021-07-02T11:51:57.627Z	INFO	concurrency-tester/main.go:85	record successfully created	{"goRoutineID": 1, "record": "test-362188542.testzone.appdomain.cloud"}
2021-07-02T11:51:58.141Z	ERROR	concurrency-tester/main.go:88	failed to create record	{"goRoutineID": 1, "record": "test-956439646.testzone.appdomain.cloud", "error": "Modification Confict: [Concurrent Zone Modification Error for testzone.appdomain.cloud. Please try your request again.]"}
main.createRecords
	/concurrency-tester/main.go:88
2021-07-02T11:51:58.764Z	INFO	concurrency-tester/main.go:85	record successfully created	{"goRoutineID": 0, "record": "test-456602897.testzone.appdomain.cloud"}
main.createRecords
	/concurrency-tester/main.go:88
2021-07-02T11:51:58.764Z	INFO	concurrency-tester/main.go:85	record successfully created	{"goRoutineID": 0, "record": "test-456602897.testzone.appdomain.cloud"}
2021-07-02T11:51:59.293Z	INFO	concurrency-tester/main.go:85	record successfully created	{"goRoutineID": 0, "record": "test-348951189.testzone.appdomain.cloud"}
2021-07-02T11:51:59.781Z	INFO	concurrency-tester/main.go:85	record successfully created	{"goRoutineID": 0, "record": "test-964015652.testzone.appdomain.cloud"}
2021-07-02T11:51:59.781Z	INFO	concurrency-tester/main.go:93	successfully created all records	{"goRoutineID": 0, "amountOfRecords": 15, "numberOfRequests": 25}
2021-07-02T11:52:00.223Z	ERROR	concurrency-tester/main.go:88	failed to create record	{"goRoutineID": 1, "record": "test-956439646.testzone.appdomain.cloud", "error": "Modification Confict: [Concurrent Zone Modification Error for testzone.appdomain.cloud. Please try your request again.]"}
2021-07-02T11:51:59.293Z	INFO	concurrency-tester/main.go:85	record successfully created	{"goRoutineID": 0, "record": "test-348951189.testzone.appdomain.cloud"}
2021-07-02T11:51:59.781Z	INFO	concurrency-tester/main.go:85	record successfully created	{"goRoutineID": 0, "record": "test-964015652.testzone.appdomain.cloud"}
2021-07-02T11:51:59.781Z	INFO	concurrency-tester/main.go:93	successfully created all records	{"goRoutineID": 0, "amountOfRecords": 15, "numberOfRequests": 25}
2021-07-02T11:52:00.223Z	ERROR	concurrency-tester/main.go:88	failed to create record	{"goRoutineID": 1, "record": "test-956439646.testzone.appdomain.cloud", "error": "Modification Confict: [Concurrent Zone Modification Error for testzone.appdomain.cloud. Please try your request again.]"}
main.createRecords
	/concurrency-tester/main.go:88
2021-07-02T11:52:01.838Z	ERROR	concurrency-tester/main.go:88	failed to create record	{"goRoutineID": 1, "record": "test-956439646.testzone.appdomain.cloud", "error": "Modification Confict: [Concurrent Zone Modification Error for testzone.appdomain.cloud. Please try your request again.]"}
main.createRecords
	/concurrency-tester/main.go:88
2021-07-02T11:52:01.838Z	ERROR	concurrency-tester/main.go:88	failed to create record	{"goRoutineID": 1, "record": "test-956439646.testzone.appdomain.cloud", "error": "Modification Confict: [Concurrent Zone Modification Error for testzone.appdomain.cloud. Please try your request again.]"}
main.createRecords
	/concurrency-tester/main.go:88
2021-07-02T11:52:03.688Z	ERROR	concurrency-tester/main.go:88	failed to create record	{"goRoutineID": 1, "record": "test-956439646.testzone.appdomain.cloud", "error": "Modification Confict: [Concurrent Zone Modification Error for testzone.appdomain.cloud. Please try your request again.]"}
main.createRecords
main.createRecords
	/concurrency-tester/main.go:88
2021-07-02T11:52:03.688Z	ERROR	concurrency-tester/main.go:88	failed to create record	{"goRoutineID": 1, "record": "test-956439646.testzone.appdomain.cloud", "error": "Modification Confict: [Concurrent Zone Modification Error for testzone.appdomain.cloud. Please try your request again.]"}
main.createRecords
	/concurrency-tester/main.go:88
2021-07-02T11:52:05.520Z	ERROR	concurrency-tester/main.go:88	failed to create record	{"goRoutineID": 1, "record": "test-956439646.testzone.appdomain.cloud", "error": "Modification Confict: [Concurrent Zone Modification Error for testzone.appdomain.cloud. Please try your request again.]"}
main.createRecords
	/concurrency-tester/main.go:88
2021-07-02T11:52:05.520Z	ERROR	concurrency-tester/main.go:88	failed to create record	{"goRoutineID": 1, "record": "test-956439646.testzone.appdomain.cloud", "error": "Modification Confict: [Concurrent Zone Modification Error for testzone.appdomain.cloud. Please try your request again.]"}
main.createRecords
	/concurrency-tester/main.go:88
2021-07-02T11:52:07.356Z	INFO	concurrency-tester/main.go:85	record successfully created	{"goRoutineID": 1, "record": "test-956439646.testzone.appdomain.cloud"}
	/concurrency-tester/main.go:88
2021-07-02T11:52:07.356Z	INFO	concurrency-tester/main.go:85	record successfully created	{"goRoutineID": 1, "record": "test-956439646.testzone.appdomain.cloud"}
2021-07-02T11:52:08.018Z	INFO	concurrency-tester/main.go:85	record successfully created	{"goRoutineID": 1, "record": "test-573340581.testzone.appdomain.cloud"}
2021-07-02T11:52:08.884Z	ERROR	concurrency-tester/main.go:88	failed to create record	{"goRoutineID": 1, "record": "test-194145607.testzone.appdomain.cloud", "error": "Modification Confict: [Concurrent Zone Modification Error for testzone.appdomain.cloud. Please try your request again.]"}
main.createRecords
2021-07-02T11:52:08.018Z	INFO	concurrency-tester/main.go:85	record successfully created	{"goRoutineID": 1, "record": "test-573340581.testzone.appdomain.cloud"}
2021-07-02T11:52:08.884Z	ERROR	concurrency-tester/main.go:88	failed to create record	{"goRoutineID": 1, "record": "test-194145607.testzone.appdomain.cloud", "error": "Modification Confict: [Concurrent Zone Modification Error for testzone.appdomain.cloud. Please try your request again.]"}
main.createRecords
	/concurrency-tester/main.go:88
2021-07-02T11:52:10.941Z	INFO	concurrency-tester/main.go:85	record successfully created	{"goRoutineID": 1, "record": "test-194145607.testzone.appdomain.cloud"}
	/concurrency-tester/main.go:88
2021-07-02T11:52:10.941Z	INFO	concurrency-tester/main.go:85	record successfully created	{"goRoutineID": 1, "record": "test-194145607.testzone.appdomain.cloud"}
2021-07-02T11:52:11.782Z	ERROR	concurrency-tester/main.go:88	failed to create record	{"goRoutineID": 1, "record": "test-675008724.testzone.appdomain.cloud", "error": "Modification Confict: [Concurrent Zone Modification Error for testzone.appdomain.cloud. Please try your request again.]"}
main.createRecords
	/concurrency-tester/main.go:88
2021-07-02T11:52:11.782Z	ERROR	concurrency-tester/main.go:88	failed to create record	{"goRoutineID": 1, "record": "test-675008724.testzone.appdomain.cloud", "error": "Modification Confict: [Concurrent Zone Modification Error for testzone.appdomain.cloud. Please try your request again.]"}
main.createRecords
	/concurrency-tester/main.go:88
2021-07-02T11:52:13.563Z	ERROR	concurrency-tester/main.go:88	failed to create record	{"goRoutineID": 1, "record": "test-675008724.testzone.appdomain.cloud", "error": "Modification Confict: [Concurrent Zone Modification Error for testzone.appdomain.cloud. Please try your request again.]"}
main.createRecords
	/concurrency-tester/main.go:88
2021-07-02T11:52:15.186Z	ERROR	concurrency-tester/main.go:88	failed to create record	{"goRoutineID": 1, "record": "test-675008724.testzone.appdomain.cloud", "error": "Modification Confict: [Concurrent Zone Modification Error for testzone.appdomain.cloud. Please try your request again.]"}
2021-07-02T11:52:13.563Z	ERROR	concurrency-tester/main.go:88	failed to create record	{"goRoutineID": 1, "record": "test-675008724.testzone.appdomain.cloud", "error": "Modification Confict: [Concurrent Zone Modification Error for testzone.appdomain.cloud. Please try your request again.]"}
main.createRecords
	/concurrency-tester/main.go:88
2021-07-02T11:52:15.186Z	ERROR	concurrency-tester/main.go:88	failed to create record	{"goRoutineID": 1, "record": "test-675008724.testzone.appdomain.cloud", "error": "Modification Confict: [Concurrent Zone Modification Error for testzone.appdomain.cloud. Please try your request again.]"}
main.createRecords
	/concurrency-tester/main.go:88
main.createRecords
	/concurrency-tester/main.go:88
2021-07-02T11:52:16.892Z	ERROR	concurrency-tester/main.go:88	failed to create record	{"goRoutineID": 1, "record": "test-675008724.testzone.appdomain.cloud", "error": "Modification Confict: [Concurrent Zone Modification Error for testzone.appdomain.cloud. Please try your request again.]"}
main.createRecords
	/concurrency-tester/main.go:88
2021-07-02T11:52:16.892Z	ERROR	concurrency-tester/main.go:88	failed to create record	{"goRoutineID": 1, "record": "test-675008724.testzone.appdomain.cloud", "error": "Modification Confict: [Concurrent Zone Modification Error for testzone.appdomain.cloud. Please try your request again.]"}
main.createRecords
	/concurrency-tester/main.go:88
2021-07-02T11:52:18.559Z	ERROR	concurrency-tester/main.go:88	failed to create record	{"goRoutineID": 1, "record": "test-675008724.testzone.appdomain.cloud", "error": "Modification Confict: [Concurrent Zone Modification Error for testzone.appdomain.cloud. Please try your request again.]"}
main.createRecords
2021-07-02T11:52:18.559Z	ERROR	concurrency-tester/main.go:88	failed to create record	{"goRoutineID": 1, "record": "test-675008724.testzone.appdomain.cloud", "error": "Modification Confict: [Concurrent Zone Modification Error for testzone.appdomain.cloud. Please try your request again.]"}
main.createRecords
	/concurrency-tester/main.go:88
2021-07-02T11:52:20.157Z	ERROR	concurrency-tester/main.go:88	failed to create record	{"goRoutineID": 1, "record": "test-675008724.testzone.appdomain.cloud", "error": "Modification Confict: [Concurrent Zone Modification Error for testzone.appdomain.cloud. Please try your request again.]"}
main.createRecords
	/concurrency-tester/main.go:88
2021-07-02T11:52:20.157Z	ERROR	concurrency-tester/main.go:88	failed to create record	{"goRoutineID": 1, "record": "test-675008724.testzone.appdomain.cloud", "error": "Modification Confict: [Concurrent Zone Modification Error for testzone.appdomain.cloud. Please try your request again.]"}
main.createRecords
	/concurrency-tester/main.go:88
2021-07-02T11:52:21.878Z	ERROR	concurrency-tester/main.go:88	failed to create record	{"goRoutineID": 1, "record": "test-675008724.testzone.appdomain.cloud", "error": "Modification Confict: [Concurrent Zone Modification Error for testzone.appdomain.cloud. Please try your request again.]"}
	/concurrency-tester/main.go:88
2021-07-02T11:52:21.878Z	ERROR	concurrency-tester/main.go:88	failed to create record	{"goRoutineID": 1, "record": "test-675008724.testzone.appdomain.cloud", "error": "Modification Confict: [Concurrent Zone Modification Error for testzone.appdomain.cloud. Please try your request again.]"}
main.createRecords
	/concurrency-tester/main.go:88
2021-07-02T11:52:23.462Z	ERROR	concurrency-tester/main.go:88	failed to create record	{"goRoutineID": 1, "record": "test-675008724.testzone.appdomain.cloud", "error": "Modification Confict: [Concurrent Zone Modification Error for testzone.appdomain.cloud. Please try your request again.]"}
main.createRecords
	/concurrency-tester/main.go:88
main.createRecords
	/concurrency-tester/main.go:88
2021-07-02T11:52:23.462Z	ERROR	concurrency-tester/main.go:88	failed to create record	{"goRoutineID": 1, "record": "test-675008724.testzone.appdomain.cloud", "error": "Modification Confict: [Concurrent Zone Modification Error for testzone.appdomain.cloud. Please try your request again.]"}
main.createRecords
	/concurrency-tester/main.go:88
2021-07-02T11:52:25.161Z	INFO	concurrency-tester/main.go:85	record successfully created	{"goRoutineID": 1, "record": "test-675008724.testzone.appdomain.cloud"}
2021-07-02T11:52:25.161Z	INFO	concurrency-tester/main.go:93	successfully created all records	{"goRoutineID": 1, "amountOfRecords": 15, "numberOfRequests": 40}
2021-07-02T11:52:25.161Z	INFO	concurrency-tester/main.go:85	record successfully created	{"goRoutineID": 1, "record": "test-675008724.testzone.appdomain.cloud"}
2021-07-02T11:52:25.161Z	INFO	concurrency-tester/main.go:93	successfully created all records	{"goRoutineID": 1, "amountOfRecords": 15, "numberOfRequests": 40}
2021-07-02T11:52:25.161Z	INFO	concurrency-tester/main.go:63	finished record creation
2021-07-02T11:52:25.161Z	INFO	concurrency-tester/main.go:63	finished record creation
